[2015-11-28T21:24:27.375+0100] [glassfish 4.0] [INFO] [NCLS-LOGGING-00009] [javax.enterprise.logging] [tid: _ThreadID=1 _ThreadName=main] [timeMillis: 1448742267375] [levelValue: 800] [[
  Running GlassFish Version: GlassFish Server Open Source Edition  4.0  (build 89)]]

[2015-11-28T21:24:27.377+0100] [glassfish 4.0] [INFO] [NCLS-LOGGING-00010] [javax.enterprise.logging] [tid: _ThreadID=1 _ThreadName=main] [timeMillis: 1448742267377] [levelValue: 800] [[
  Server log file is using Formatter class: com.sun.enterprise.server.logging.ODLLogFormatter]]

[2015-11-28T21:24:27.524+0100] [glassfish 4.0] [INFO] [realm.loaded.successfully] [javax.enterprise.system.core.security.com.sun.enterprise.security.auth.realm] [tid: _ThreadID=1 _ThreadName=main] [timeMillis: 1448742267524] [levelValue: 800] [[
  SEC1115: Realm [admin-realm] of classtype [com.sun.enterprise.security.auth.realm.file.FileRealm] successfully created.]]

[2015-11-28T21:24:27.525+0100] [glassfish 4.0] [INFO] [realm.loaded.successfully] [javax.enterprise.system.core.security.com.sun.enterprise.security.auth.realm] [tid: _ThreadID=1 _ThreadName=main] [timeMillis: 1448742267525] [levelValue: 800] [[
  SEC1115: Realm [file] of classtype [com.sun.enterprise.security.auth.realm.file.FileRealm] successfully created.]]

[2015-11-28T21:24:27.531+0100] [glassfish 4.0] [INFO] [realm.loaded.successfully] [javax.enterprise.system.core.security.com.sun.enterprise.security.auth.realm] [tid: _ThreadID=1 _ThreadName=main] [timeMillis: 1448742267531] [levelValue: 800] [[
  SEC1115: Realm [certificate] of classtype [com.sun.enterprise.security.auth.realm.certificate.CertificateRealm] successfully created.]]

[2015-11-28T21:24:27.541+0100] [glassfish 4.0] [INFO] [realm.loaded.successfully] [javax.enterprise.system.core.security.com.sun.enterprise.security.auth.realm] [tid: _ThreadID=1 _ThreadName=main] [timeMillis: 1448742267541] [levelValue: 800] [[
  SEC1115: Realm [CarresSec] of classtype [com.sun.enterprise.security.ee.auth.realm.jdbc.JDBCRealm] successfully created.]]

[2015-11-28T21:24:27.542+0100] [glassfish 4.0] [INFO] [realm.loaded.successfully] [javax.enterprise.system.core.security.com.sun.enterprise.security.auth.realm] [tid: _ThreadID=1 _ThreadName=main] [timeMillis: 1448742267542] [levelValue: 800] [[
  SEC1115: Realm [securityRealm] of classtype [com.sun.enterprise.security.ee.auth.realm.jdbc.JDBCRealm] successfully created.]]

[2015-11-28T21:24:27.543+0100] [glassfish 4.0] [INFO] [realm.loaded.successfully] [javax.enterprise.system.core.security.com.sun.enterprise.security.auth.realm] [tid: _ThreadID=1 _ThreadName=main] [timeMillis: 1448742267543] [levelValue: 800] [[
  SEC1115: Realm [royco] of classtype [com.sun.enterprise.security.ee.auth.realm.jdbc.JDBCRealm] successfully created.]]

[2015-11-28T21:24:27.863+0100] [glassfish 4.0] [INFO] [] [javax.enterprise.system.core] [tid: _ThreadID=1 _ThreadName=main] [timeMillis: 1448742267863] [levelValue: 800] [[
  Grizzly Framework 2.3.1 started in: 22ms - bound to [/0.0.0.0:8.080]]]

[2015-11-28T21:24:27.889+0100] [glassfish 4.0] [INFO] [] [javax.enterprise.system.core] [tid: _ThreadID=1 _ThreadName=main] [timeMillis: 1448742267889] [levelValue: 800] [[
  Grizzly Framework 2.3.1 started in: 4ms - bound to [/0.0.0.0:8.181]]]

[2015-11-28T21:24:27.899+0100] [glassfish 4.0] [INFO] [] [javax.enterprise.system.core] [tid: _ThreadID=1 _ThreadName=main] [timeMillis: 1448742267899] [levelValue: 800] [[
  Grizzly Framework 2.3.1 started in: 3ms - bound to [/0.0.0.0:4.848]]]

[2015-11-28T21:24:27.973+0100] [glassfish 4.0] [INFO] [] [javax.enterprise.system.core.security.org.glassfish.security.services.impl.authorization] [tid: _ThreadID=1 _ThreadName=main] [timeMillis: 1448742267973] [levelValue: 800] [[
  Authorization Service has successfully initialized.]]

[2015-11-28T21:24:28.022+0100] [glassfish 4.0] [INFO] [] [org.glassfish.ha.store.spi.BackingStoreFactoryRegistry] [tid: _ThreadID=1 _ThreadName=main] [timeMillis: 1448742268022] [levelValue: 800] [[
  Registered org.glassfish.ha.store.adapter.cache.ShoalBackingStoreProxy for persistence-type = replicated in BackingStoreFactoryRegistry]]

[2015-11-28T21:24:28.039+0100] [glassfish 4.0] [INFO] [] [javax.enterprise.system.core] [tid: _ThreadID=1 _ThreadName=main] [timeMillis: 1448742268039] [levelValue: 800] [[
  Grizzly Framework 2.3.1 started in: 1ms - bound to [/0.0.0.0:3.700]]]

[2015-11-28T21:24:28.379+0100] [glassfish 4.0] [SEVERE] [NCLS-CORE-00043] [javax.enterprise.system.core] [tid: _ThreadID=1 _ThreadName=main] [timeMillis: 1448742268379] [levelValue: 1000] [[
  Application previously deployed is not at its original location any more: file:/D:/student/ScheerensRoy/projectJEE/dist/gfdeploy/projectJEE/]]

[2015-11-28T21:24:28.383+0100] [glassfish 4.0] [SEVERE] [NCLS-CORE-00043] [javax.enterprise.system.core] [tid: _ThreadID=1 _ThreadName=main] [timeMillis: 1448742268383] [levelValue: 1000] [[
  Application previously deployed is not at its original location any more: file:/D:/student/ScheerensRoy/jeeProject/JEEProject/dist/gfdeploy/JEEProject/]]

[2015-11-28T21:24:28.430+0100] [glassfish 4.0] [INFO] [NCLS-CORE-00017] [javax.enterprise.system.core] [tid: _ThreadID=1 _ThreadName=main] [timeMillis: 1448742268430] [levelValue: 800] [[
  GlassFish Server Open Source Edition  4.0  (89) startup time : Felix (5.745ms), startup services(1.181ms), total(6.926ms)]]

[2015-11-28T21:24:28.485+0100] [glassfish 4.0] [INFO] [] [org.hibernate.validator.internal.util.Version] [tid: _ThreadID=64 _ThreadName=pool-7-thread-2] [timeMillis: 1448742268485] [levelValue: 800] [[
  HV000001: Hibernate Validator 5.0.0.Final]]

[2015-11-28T21:24:28.597+0100] [glassfish 4.0] [INFO] [] [javax.enterprise.system.core] [tid: _ThreadID=1 _ThreadName=main] [timeMillis: 1448742268597] [levelValue: 800] [[
  Grizzly Framework 2.3.1 started in: 1ms - bound to [/0.0.0.0:7.676]]]

[2015-11-28T21:24:28.651+0100] [glassfish 4.0] [INFO] [] [org.glassfish.jersey.server.ApplicationHandler] [tid: _ThreadID=63 _ThreadName=pool-7-thread-1] [timeMillis: 1448742268651] [levelValue: 800] [[
  Initiating Jersey application, version Jersey: 2.0 2013-05-03 14:50:15...]]

[2015-11-28T21:24:28.803+0100] [glassfish 4.0] [INFO] [NCLS-BOOTSTRAP-00027] [javax.enterprise.bootstrap] [tid: _ThreadID=1 _ThreadName=main] [timeMillis: 1448742268803] [levelValue: 800] [[
  Registered com.sun.enterprise.glassfish.bootstrap.osgi.EmbeddedOSGiGlassFishImpl@5cfed0ba as OSGi service registration: org.apache.felix.framework.ServiceRegistrationImpl@14de1901.]]

[2015-11-28T21:24:28.994+0100] [glassfish 4.0] [INFO] [NCLS-JMX-00005] [javax.enterprise.system.jmx] [tid: _ThreadID=77 _ThreadName=Thread-10] [timeMillis: 1448742268994] [levelValue: 800] [[
  JMXStartupService has started JMXConnector on JMXService URL service:jmx:rmi://fenrigonarch:8686/jndi/rmi://fenrigonarch:8686/jmxrmi]]

[2015-11-28T21:24:29.681+0100] [glassfish 4.0] [INFO] [] [javax.enterprise.system.core] [tid: _ThreadID=105 _ThreadName=pool-21-thread-1] [timeMillis: 1448742269681] [levelValue: 800] [[
  Grizzly Framework 2.3.1 started in: 3ms - bound to [/0.0.0.0:8.181]]]

[2015-11-28T21:24:29.858+0100] [glassfish 4.0] [INFO] [] [javax.enterprise.system.core] [tid: _ThreadID=101 _ThreadName=pool-18-thread-1] [timeMillis: 1448742269858] [levelValue: 800] [[
  Grizzly Framework 2.3.1 started in: 3ms - bound to [/0.0.0.0:8.080]]]

[2015-11-28T21:24:29.911+0100] [glassfish 4.0] [WARNING] [] [javax.enterprise.system.core] [tid: _ThreadID=40 _ThreadName=admin-listener(2)] [timeMillis: 1448742269911] [levelValue: 900] [[
  Originally deployed application at /D:/student/ScheerensRoy/jeeProject/JEEProject/dist/gfdeploy/JEEProject not found]]

[2015-11-28T21:24:30.562+0100] [glassfish 4.0] [INFO] [] [javax.enterprise.system.tools.deployment.common] [tid: _ThreadID=43 _ThreadName=admin-listener(5)] [timeMillis: 1448742270562] [levelValue: 800] [[
  visiting unvisited references]]

[2015-11-28T21:24:31.003+0100] [glassfish 4.0] [INFO] [] [javax.enterprise.system.tools.deployment.common] [tid: _ThreadID=43 _ThreadName=admin-listener(5)] [timeMillis: 1448742271003] [levelValue: 800] [[
  visiting unvisited references]]

[2015-11-28T21:24:31.007+0100] [glassfish 4.0] [INFO] [] [javax.enterprise.system.tools.deployment.common] [tid: _ThreadID=43 _ThreadName=admin-listener(5)] [timeMillis: 1448742271007] [levelValue: 800] [[
  visiting unvisited references]]

[2015-11-28T21:24:31.244+0100] [glassfish 4.0] [SEVERE] [java_security.expired_certificate] [javax.enterprise.system.ssl.security.com.sun.enterprise.security.ssl.impl] [tid: _ThreadID=43 _ThreadName=admin-listener(5)] [timeMillis: 1448742271244] [levelValue: 1000] [[
  SEC5054: Certificate has expired: [
[
  Version: V3
  Subject: CN=GTE CyberTrust Root 5, OU="GTE CyberTrust Solutions, Inc.", O=GTE Corporation, C=US
  Signature Algorithm: SHA1withRSA, OID = 1.2.840.113549.1.1.5

  Key:  Sun RSA public key, 2048 bits
  modulus: 23741889829347261660812437366387754385443431973861114865490414153884050331745811968523116847625570146592736935209718565296053386842135985534863157983128812774162998053673746470782252407673402238146869994438729551246768368782318393878374421033907597162218758024581735139682087126982809511479059100617027892880227587855877479432885604404402435662802390484099065871430585284534529627347717530352189612077130606642676951640071336717026459037542552927905851171460589361570392199748753414855675665635003335769915908187224347232807336022456537328962095005323382940080676931822787496212635993279098588863972868266229522169377
  public exponent: 65537
  Validity: [From: Fri Aug 14 16:50:00 CEST 1998,
               To: Thu Aug 15 01:59:00 CEST 2013]
  Issuer: CN=GTE CyberTrust Root 5, OU="GTE CyberTrust Solutions, Inc.", O=GTE Corporation, C=US
  SerialNumber: [    01b6]

Certificate Extensions: 4
[1]: ObjectId: 2.5.29.19 Criticality=true
BasicConstraints:[
  CA:true
  PathLen:5
]

[2]: ObjectId: 2.5.29.32 Criticality=false
CertificatePolicies [
  [CertificatePolicyId: [1.2.840.113763.1.2.1.3]
[]  ]
]

[3]: ObjectId: 2.5.29.15 Criticality=true
KeyUsage [
  Key_CertSign
  Crl_Sign
]

[4]: ObjectId: 2.5.29.14 Criticality=false
SubjectKeyIdentifier [
KeyIdentifier [
0000: 76 0A 49 21 38 4C 9F DE   F8 C4 49 C7 71 71 91 9D  v.I!8L....I.qq..
]
]

]
  Algorithm: [SHA1withRSA]
  Signature:
0000: 41 3A D4 18 5B DA B8 DE   21 1C E1 8E 09 E5 F1 68  A:..[...!......h
0010: 34 FF DE 96 F4 07 F5 A7   3C F3 AC 4A B1 9B FA 92  4.......<..J....
0020: FA 9B ED E6 32 21 AA 4A   76 C5 DC 4F 38 E5 DF D5  ....2!.Jv..O8...
0030: 86 E4 D5 C8 76 7D 98 D7   B1 CD 8F 4D B5 91 23 6C  ....v......M..#l
0040: 8B 8A EB EA 7C EF 14 94   C4 C6 F0 1F 4A 2D 32 71  ............J-2q
0050: 63 2B 63 91 26 02 09 B6   80 1D ED E2 CC B8 7F DB  c+c.&...........
0060: 87 63 C8 E1 D0 6C 26 B1   35 1D 40 66 10 1B CD 95  .c...l&.5.@f....
0070: 54 18 33 61 EC 13 4F DA   13 F7 99 AF 3E D0 CF 8E  T.3a..O.....>...
0080: A6 72 A2 B3 C3 05 9A C9   27 7D 92 CC 7E 52 8D B3  .r......'....R..
0090: AB 70 6D 9E 89 9F 4D EB   1A 75 C2 98 AA D5 02 16  .pm...M..u......
00A0: D7 0C 8A BF 25 E4 EB 2D   BC 98 E9 58 38 19 7C B9  ....%..-...X8...
00B0: 37 FE DB E2 99 08 73 06   C7 97 83 6A 7D 10 01 2F  7.....s....j.../
00C0: 32 B9 17 05 4A 65 E6 2F   CE BE 5E 53 A6 82 E9 9A  2...Je./..^S....
00D0: 53 0A 84 74 2D 83 CA C8   94 16 76 5F 94 61 28 F0  S..t-.....v_.a(.
00E0: 85 A7 39 BB D7 8B D9 A8   B2 13 1D 54 09 34 24 7D  ..9........T.4$.
00F0: 20 81 7D 66 7E A2 90 74   5C 10 C6 BD EC AB 1B C2   ..f...t\.......

]]]

[2015-11-28T21:24:31.271+0100] [glassfish 4.0] [INFO] [security.secmgroff] [javax.enterprise.system.core.security.com.sun.enterprise.security] [tid: _ThreadID=43 _ThreadName=admin-listener(5)] [timeMillis: 1448742271271] [levelValue: 800] [[
  SEC1002: Security Manager is OFF.]]

[2015-11-28T21:24:31.271+0100] [glassfish 4.0] [INFO] [sec.service.startup.enter] [javax.enterprise.system.core.security.com.sun.enterprise.security] [tid: _ThreadID=43 _ThreadName=admin-listener(5)] [timeMillis: 1448742271271] [levelValue: 800] [[
  SEC1010: Entering Security Startup Service]]

[2015-11-28T21:24:31.277+0100] [glassfish 4.0] [INFO] [policy.loading] [javax.enterprise.system.core.security.com.sun.enterprise.security] [tid: _ThreadID=43 _ThreadName=admin-listener(5)] [timeMillis: 1448742271277] [levelValue: 800] [[
  SEC1143: Loading policy provider com.sun.enterprise.security.provider.PolicyWrapper.]]

[2015-11-28T21:24:31.321+0100] [glassfish 4.0] [INFO] [sec.service.startup.exit] [javax.enterprise.system.core.security.com.sun.enterprise.security] [tid: _ThreadID=43 _ThreadName=admin-listener(5)] [timeMillis: 1448742271321] [levelValue: 800] [[
  SEC1011: Security Service(s) Started Successfully]]

[2015-11-28T21:24:31.328+0100] [glassfish 4.0] [INFO] [] [] [tid: _ThreadID=43 _ThreadName=admin-listener(5)] [timeMillis: 1448742271328] [levelValue: 800] [[
  this.makeModuleFor(org.glassfish.main.web.glue, null) returned OSGiModuleImpl:: Bundle = [org.glassfish.main.web.glue [303]], State = [READY]]]

[2015-11-28T21:24:31.328+0100] [glassfish 4.0] [INFO] [] [] [tid: _ThreadID=43 _ThreadName=admin-listener(5)] [timeMillis: 1448742271328] [levelValue: 800] [[
  this.makeModuleFor(org.glassfish.web.javax.servlet.jsp, null) returned OSGiModuleImpl:: Bundle = [org.glassfish.web.javax.servlet.jsp [345]], State = [READY]]]

[2015-11-28T21:24:31.477+0100] [glassfish 4.0] [INFO] [AS-WEB-GLUE-00198] [javax.enterprise.web] [tid: _ThreadID=43 _ThreadName=admin-listener(5)] [timeMillis: 1448742271477] [levelValue: 800] [[
  Created HTTP listener http-listener-1 on host/port 0.0.0.0:8080]]

[2015-11-28T21:24:31.484+0100] [glassfish 4.0] [INFO] [AS-WEB-GLUE-00198] [javax.enterprise.web] [tid: _ThreadID=43 _ThreadName=admin-listener(5)] [timeMillis: 1448742271484] [levelValue: 800] [[
  Created HTTP listener http-listener-2 on host/port 0.0.0.0:8181]]

[2015-11-28T21:24:31.487+0100] [glassfish 4.0] [INFO] [AS-WEB-GLUE-00198] [javax.enterprise.web] [tid: _ThreadID=43 _ThreadName=admin-listener(5)] [timeMillis: 1448742271487] [levelValue: 800] [[
  Created HTTP listener admin-listener on host/port 0.0.0.0:4848]]

[2015-11-28T21:24:31.512+0100] [glassfish 4.0] [INFO] [AS-WEB-GLUE-00200] [javax.enterprise.web] [tid: _ThreadID=43 _ThreadName=admin-listener(5)] [timeMillis: 1448742271512] [levelValue: 800] [[
  Created virtual server server]]

[2015-11-28T21:24:31.514+0100] [glassfish 4.0] [INFO] [AS-WEB-GLUE-00200] [javax.enterprise.web] [tid: _ThreadID=43 _ThreadName=admin-listener(5)] [timeMillis: 1448742271514] [levelValue: 800] [[
  Created virtual server __asadmin]]

[2015-11-28T21:24:31.622+0100] [glassfish 4.0] [INFO] [AS-WEB-CORE-00306] [javax.enterprise.web.core] [tid: _ThreadID=43 _ThreadName=admin-listener(5)] [timeMillis: 1448742271622] [levelValue: 800] [[
  Setting JAAS app name glassfish-web]]

[2015-11-28T21:24:31.623+0100] [glassfish 4.0] [INFO] [AS-WEB-GLUE-00201] [javax.enterprise.web] [tid: _ThreadID=43 _ThreadName=admin-listener(5)] [timeMillis: 1448742271623] [levelValue: 800] [[
  Virtual server server loaded default web module ]]

[2015-11-28T21:24:32.057+0100] [glassfish 4.0] [INFO] [AS-WEB-GLUE-00172] [javax.enterprise.web] [tid: _ThreadID=43 _ThreadName=admin-listener(5)] [timeMillis: 1448742272057] [levelValue: 800] [[
  Loading application [JEEProject#JEEProject-war.war] at [JEEProject-war]]]

[2015-11-28T21:24:32.104+0100] [glassfish 4.0] [INFO] [] [javax.enterprise.system.core] [tid: _ThreadID=43 _ThreadName=admin-listener(5)] [timeMillis: 1448742272104] [levelValue: 800] [[
  JEEProject was successfully deployed in 1.605 milliseconds.]]

[2015-11-28T21:24:33.429+0100] [glassfish 4.0] [WARNING] [] [javax.enterprise.system.container.web.com.sun.web.security] [tid: _ThreadID=114 _ThreadName=http-listener-1(2)] [timeMillis: 1448742273429] [levelValue: 900] [[
  Context path from ServletContext: /JEEProject-war differs from path from bundle: JEEProject-war]]

[2015-11-28T21:35:44.542+0100] [glassfish 4.0] [INFO] [] [javax.enterprise.system.core] [tid: _ThreadID=136 _ThreadName=Thread-17] [timeMillis: 1448742944542] [levelValue: 800] [[
  Server shutdown initiated]]

[2015-11-28T21:35:44.547+0100] [glassfish 4.0] [INFO] [NCLS-BOOTSTRAP-00028] [javax.enterprise.bootstrap] [tid: _ThreadID=136 _ThreadName=Thread-17] [timeMillis: 1448742944547] [levelValue: 800] [[
  Unregistered com.sun.enterprise.glassfish.bootstrap.osgi.EmbeddedOSGiGlassFishImpl@5cfed0ba from service registry.]]

[2015-11-28T21:35:44.549+0100] [glassfish 4.0] [INFO] [] [] [tid: _ThreadID=136 _ThreadName=Thread-4] [timeMillis: 1448742944549] [levelValue: 800] [[
  FileMonitoring shutdown]]

[2015-11-28T21:35:44.610+0100] [glassfish 4.0] [INFO] [NCLS-JMX-00002] [javax.enterprise.system.jmx] [tid: _ThreadID=136 _ThreadName=Thread-17] [timeMillis: 1448742944610] [levelValue: 800] [[
  JMXStartupService: Stopped JMXConnectorServer: null]]

[2015-11-28T21:35:44.611+0100] [glassfish 4.0] [INFO] [NCLS-JMX-00001] [javax.enterprise.system.jmx] [tid: _ThreadID=136 _ThreadName=Thread-17] [timeMillis: 1448742944611] [levelValue: 800] [[
  JMXStartupService and JMXConnectors have been shut down.]]

[2015-11-28T21:35:44.814+0100] [glassfish 4.0] [INFO] [] [] [tid: _ThreadID=136 _ThreadName=Thread-4] [timeMillis: 1448742944814] [levelValue: 800] [[
  JdbcRuntimeExtension,  getAllSystemRAResourcesAndPools = [GlassFishConfigBean.org.glassfish.jdbc.config.JdbcResource, GlassFishConfigBean.org.glassfish.jdbc.config.JdbcResource, GlassFishConfigBean.org.glassfish.jdbc.config.JdbcResource, GlassFishConfigBean.org.glassfish.jdbc.config.JdbcConnectionPool, GlassFishConfigBean.org.glassfish.jdbc.config.JdbcConnectionPool, GlassFishConfigBean.org.glassfish.jdbc.config.JdbcConnectionPool, GlassFishConfigBean.org.glassfish.jdbc.config.JdbcConnectionPool, GlassFishConfigBean.org.glassfish.jdbc.config.JdbcResource, GlassFishConfigBean.org.glassfish.jdbc.config.JdbcConnectionPool, GlassFishConfigBean.org.glassfish.jdbc.config.JdbcResource, GlassFishConfigBean.org.glassfish.jdbc.config.JdbcConnectionPool, GlassFishConfigBean.org.glassfish.jdbc.config.JdbcResource]]]

